<?xml version="1.0" encoding="UTF-8"?>
<!-- Generated by org.testng.reporters.JUnitXMLReporter -->
<testsuite ignored="1" hostname="PRFT-16026" failures="0" tests="1" name="Default test" time="35.376" errors="0" timestamp="2021-06-24T13:33:37 CDT">
  <testcase classname="XboxLive.XboxLiveProject.AppTest" name="top5gamers" time="27.613"/>
  <testcase classname="XboxLive.XboxLiveProject.AppTest" name="xblUser" time="0.0">
    <ignored/>
  </testcase> <!-- xblUser -->
</testsuite> <!-- Default test -->
