<?xml version="1.0" encoding="UTF-8"?>
<testng-results ignored="0" total="2" passed="2" failed="0" skipped="0">
  <reporter-output>
  </reporter-output>
  <suite started-at="2021-06-24T13:09:41 CDT" name="Default suite" finished-at="2021-06-24T13:09:59 CDT" duration-ms="17761">
    <groups>
    </groups>
    <test started-at="2021-06-24T13:09:41 CDT" name="Default test" finished-at="2021-06-24T13:09:59 CDT" duration-ms="17761">
      <class name="XboxLive.XboxLiveProject.AppTest">
        <test-method is-config="true" signature="browserSetup()[pri:0, instance:XboxLive.XboxLiveProject.AppTest@1bb266b3]" started-at="2021-06-24T13:09:41 CDT" name="browserSetup" finished-at="2021-06-24T13:09:44 CDT" duration-ms="2711" status="PASS">
          <reporter-output>
          </reporter-output>
        </test-method> <!-- browserSetup -->
        <test-method signature="top5gamers()[pri:0, instance:XboxLive.XboxLiveProject.AppTest@1bb266b3]" started-at="2021-06-24T13:09:44 CDT" name="top5gamers" finished-at="2021-06-24T13:09:45 CDT" duration-ms="449" status="PASS">
          <reporter-output>
          </reporter-output>
        </test-method> <!-- top5gamers -->
        <test-method is-config="true" signature="terminateBrowser()[pri:0, instance:XboxLive.XboxLiveProject.AppTest@1bb266b3]" started-at="2021-06-24T13:09:45 CDT" name="terminateBrowser" finished-at="2021-06-24T13:09:50 CDT" duration-ms="5181" status="PASS">
          <reporter-output>
          </reporter-output>
        </test-method> <!-- terminateBrowser -->
        <test-method is-config="true" signature="browserSetup()[pri:0, instance:XboxLive.XboxLiveProject.AppTest@1bb266b3]" started-at="2021-06-24T13:09:50 CDT" name="browserSetup" finished-at="2021-06-24T13:09:52 CDT" duration-ms="1877" status="PASS">
          <reporter-output>
          </reporter-output>
        </test-method> <!-- browserSetup -->
        <test-method signature="xblUser()[pri:0, instance:XboxLive.XboxLiveProject.AppTest@1bb266b3]" started-at="2021-06-24T13:09:52 CDT" name="xblUser" finished-at="2021-06-24T13:09:54 CDT" duration-ms="2321" status="PASS">
          <reporter-output>
          </reporter-output>
        </test-method> <!-- xblUser -->
        <test-method is-config="true" signature="terminateBrowser()[pri:0, instance:XboxLive.XboxLiveProject.AppTest@1bb266b3]" started-at="2021-06-24T13:09:54 CDT" name="terminateBrowser" finished-at="2021-06-24T13:09:59 CDT" duration-ms="5186" status="PASS">
          <reporter-output>
          </reporter-output>
        </test-method> <!-- terminateBrowser -->
      </class> <!-- XboxLive.XboxLiveProject.AppTest -->
    </test> <!-- Default test -->
  </suite> <!-- Default suite -->
</testng-results>
