<?xml version="1.0" encoding="UTF-8"?>
<testng-results ignored="1" total="2" passed="1" failed="0" skipped="0">
  <reporter-output>
  </reporter-output>
  <suite started-at="2021-06-24T13:33:02 CDT" name="Default suite" finished-at="2021-06-24T13:33:37 CDT" duration-ms="35376">
    <groups>
    </groups>
    <test started-at="2021-06-24T13:33:02 CDT" name="Default test" finished-at="2021-06-24T13:33:37 CDT" duration-ms="35376">
      <class name="XboxLive.XboxLiveProject.AppTest">
        <test-method is-config="true" signature="browserSetup()[pri:0, instance:XboxLive.XboxLiveProject.AppTest@2177849e]" started-at="2021-06-24T13:33:02 CDT" name="browserSetup" finished-at="2021-06-24T13:33:04 CDT" duration-ms="2587" status="PASS">
          <reporter-output>
          </reporter-output>
        </test-method> <!-- browserSetup -->
        <test-method signature="top5gamers()[pri:0, instance:XboxLive.XboxLiveProject.AppTest@2177849e]" started-at="2021-06-24T13:33:04 CDT" name="top5gamers" finished-at="2021-06-24T13:33:32 CDT" duration-ms="27613" status="PASS">
          <reporter-output>
          </reporter-output>
        </test-method> <!-- top5gamers -->
        <test-method is-config="true" signature="terminateBrowser()[pri:0, instance:XboxLive.XboxLiveProject.AppTest@2177849e]" started-at="2021-06-24T13:33:32 CDT" name="terminateBrowser" finished-at="2021-06-24T13:33:37 CDT" duration-ms="5151" status="PASS">
          <reporter-output>
          </reporter-output>
        </test-method> <!-- terminateBrowser -->
      </class> <!-- XboxLive.XboxLiveProject.AppTest -->
    </test> <!-- Default test -->
  </suite> <!-- Default suite -->
</testng-results>
